Unable to capture context for thread 7348 in process 7640, can not generate back trace
Unable to capture context for thread 4612 in process 7640, can not generate back trace
Unable to capture context for thread 7144 in process 7640, can not generate back trace
Unable to capture context for thread 9456 in process 7640, can not generate back trace
Unable to capture context for thread 10804 in process 7640, can not generate back trace
Unable to capture context for thread 18528 in process 7640, can not generate back trace
Exception at PC 0x00007FFACC9B4C3C
Unable to capture context for thread 13456 in process 7640, can not generate back trace
Unable to capture context for thread 18460 in process 7640, can not generate back trace
Unable to capture context for thread 3712 in process 7640, can not generate back trace
Exception at PC 0x00007FFACC9B4C3C
Unable to capture context for thread 13456 in process 7640, can not generate back trace
Unable to capture context for thread 3712 in process 7640, can not generate back trace
Exception at PC 0x00007FF9E5D5BB93
Printing stacktrace...

Exception at PC 0x00007FFACC9B4C3C
Exception at PC 0x00007FFACC9B4C3C
Exception at PC 0x00007FFACC9B4C3C
Exception at PC 0x00007FFACC9B4C3C
Exception at PC 0x00007FFACC9B4C3C
Exception at PC 0x00007FFACC9B4C3C
Exception at PC 0x00007FFACC9B4C3C
Exception at PC 0x00007FFACC9B4C3C
Exception at PC 0x00007FFACC9B4C3C
Exception at PC 0x00007FFACC9B4C3C
Exception at PC 0x00007FFACC9B4C3C
Exception at PC 0x00007FFACC9B4C3C
Exception at PC 0x00007FFACC9B4C3C
[0]  [0x00007FF9E5D5BB93]
[1]  [0x00007FF9E5D5BB93]
[2]  [0x00007FF9E5D5B4A1]
[3]  [0x00007FF9E5D5B3EF]
[4]  [0x00007FF9E5D419FE]
[5]  [0x00007FF9E5D40ED1]
[6]  [0x00007FF9E5D40D76]
[7]  [0x00007FF9E5CE79F6]
[8]  [0x00007FF9E5CD7AFB]
[9]  [0x00007FF9E5DFE90A]
[10]  [0x00007FF9E5E19F87]
[11]  [0x00007FF9E5E1A05F]
[12] (BaseThreadInitThunk+0x1d) [0x00007FFACE2E26AD]
[13] (RtlUserThreadStart+0x28) [0x00007FFACF50AA68]
Done
Exception at PC 0x00007FFACC9B4C3C
Exception at PC 0x00007FFACC9B4C3C
Exception at PC 0x00007FFACC9B4C3C
Exception at PC 0x00007FF9E5A61A52
Attemped to write at address 0x00007FFA17BD9BA4
Printing stacktrace...

[0]  [0x00007FF9E5A61A52]
[1]  [0x00007FF9E5A61A52]
[2]  [0x00007FF9E5A61AD4]
[3]  [0x00007FF9E5BA3FF7]
[4]  [0x00007FF9E5A89128]
[5]  [0x00007FF9E5D3DFB9]
[6]  [0x00007FF9E5F0EF23]
[7]  [0x00007FF9E5E1B06B]
[8]  [0x00007FF9E5E108AF]
[9]  [0x00007FF9E5E10A32]
[10] (RtlActivateActivationContextUnsafeFast+0x12f) [0x00007FFACF4D868F]
[11] (LdrShutdownProcess+0x176) [0x00007FFACF501096]
[12] (RtlExitUserProcess+0xad) [0x00007FFACF500C8D]
[13] (ExitProcess+0xb) [0x00007FFACE2E82AB]
[14] (exit+0x8d) [0x00007FFACDF5D7BD]
[15] (initterm_e+0x25b) [0x00007FFACDF5DE3B]
[16]  [0x00000000004014CD]
[17]  [0x000000000040151B]
[18] (BaseThreadInitThunk+0x1d) [0x00007FFACE2E26AD]
[19] (RtlUserThreadStart+0x28) [0x00007FFACF50AA68]
Done
