#-----------------------------------------------------------
# Vivado v2017.1 (64-bit)
# SW Build 1846317 on Fri Apr 14 18:55:03 MDT 2017
# IP Build 1846188 on Fri Apr 14 20:52:08 MDT 2017
# Start of session at: Mon Aug 14 09:40:35 2023
# Process ID: 13876
# Current directory: C:/Users/user/Desktop/practice/atm
# Command line: vivado.exe -gui_launcher_event rodinguilauncherevent16028 C:\Users\user\Desktop\practice\atm\atm.xpr
# Log file: C:/Users/user/Desktop/practice/atm/vivado.log
# Journal file: C:/Users/user/Desktop/practice/atm\vivado.jou
#-----------------------------------------------------------
start_guioopen_project C:/Users/user/Desktop/practice/atm/atm.xpr
Scanning sources...
Finished scanning sources
INFO: [IP_Flow 19-234] Refreshing IP repositories
INFO: [IP_Flow 19-1704] No user IP repositories specified
INFO: [IP_Flow 19-2313] Loaded Vivado IP repository 'C:/Xilinx/Vivado/2017.1/data/ip'.
update_compile_order -fileset sources_1
exit
INFO: [Common 17-206] Exiting Vivado at Mon Aug 14 09:41:17 2023...
compile_order -fileset sources_1
exit
INFO: [Common 17-206] Exiting Vivado at Mon Aug 14 09:41:07 2023...
